<?xml version="1.0" encoding="UTF-8"?>
<!-- Generated by org.testng.reporters.JUnitXMLReporter -->
<testsuite ignored="0" hostname="LAPTOP-GUR7V1TB" failures="1" tests="1" name="caremonitor test" time="16.568" errors="0" timestamp="2022-11-08T07:57:16 IST">
  <testcase classname="CareMonitor.testCases.TC_Login_001" name="loginTest" time="1.214">
    <failure type="java.lang.AssertionError" message="expected [true] but found [false]">
      <![CDATA[java.lang.AssertionError: expected [true] but found [false]
at CareMonitor.testCases.TC_Login_001.loginTest(TC_Login_001.java:44)
at java.base/java.util.ArrayList.forEach(ArrayList.java:1511)
... Removed 31 stack frames]]>
    </failure>
  </testcase> <!-- loginTest -->
</testsuite> <!-- caremonitor test -->
